<?xml version="1.0" encoding="UTF-8"?>
<!-- Generated by org.testng.reporters.JUnitReportReporter -->
<testsuite skipped="13" hostname="DESKTOP-75OLIUH" name="Nasdaq.TestSet_Nasdaq" tests="14" failures="0" timestamp="26 Sep 2018 02:22:43 GMT" time="37.634" errors="1">
  <testcase name="TC_114_TBD" time="37.634" classname="Nasdaq.TestSet_Nasdaq">
    <error type="org.openqa.selenium.NoSuchElementException" message="Unable to locate element: //div[@id=&#039;qwidget_lastsale&#039;][@class=&#039;qwidget-dollar&#039;]
For documentation on this error, please visit: http://seleniumhq.org/exceptions/no_such_element.html
Build info: version: &#039;3.6.0&#039;, revision: &#039;6fbf3ec767&#039;, time: &#039;2017-09-27T16:15:40.131Z&#039;
System info: host: &#039;DESKTOP-75OLIUH&#039;, ip: &#039;192.168.1.165&#039;, os.name: &#039;Windows 10&#039;, os.arch: &#039;amd64&#039;, os.version: &#039;10.0&#039;, java.version: &#039;1.8.0_144&#039;
Driver info: org.openqa.selenium.firefox.FirefoxDriver
Capabilities [{moz:profile=C:\Users\imran\AppData\Local\Temp\rust_mozprofile.Zesl1fN0enEF, rotatable=false, timeouts={implicit=0, pageLoad=300000, script=30000}, pageLoadStrategy=normal, moz:headless=false, platform=XP, moz:accessibilityChecks=false, moz:useNonSpecCompliantPointerOrigin=false, acceptInsecureCerts=true, browserVersion=62.0.2, platformVersion=10.0, moz:processID=2136, browserName=firefox, javascriptEnabled=true, platformName=XP, moz:webdriverClick=true}]
Session ID: 965fb88b-e231-461c-a533-4b25bc43022d
*** Element info: {Using=xpath, value=//div[@id=&#039;qwidget_lastsale&#039;][@class=&#039;qwidget-dollar&#039;]}">
      <![CDATA[org.openqa.selenium.NoSuchElementException: Unable to locate element: //div[@id='qwidget_lastsale'][@class='qwidget-dollar']
For documentation on this error, please visit: http://seleniumhq.org/exceptions/no_such_element.html
Build info: version: '3.6.0', revision: '6fbf3ec767', time: '2017-09-27T16:15:40.131Z'
System info: host: 'DESKTOP-75OLIUH', ip: '192.168.1.165', os.name: 'Windows 10', os.arch: 'amd64', os.version: '10.0', java.version: '1.8.0_144'
Driver info: org.openqa.selenium.firefox.FirefoxDriver
Capabilities [{moz:profile=C:\Users\imran\AppData\Local\Temp\rust_mozprofile.Zesl1fN0enEF, rotatable=false, timeouts={implicit=0, pageLoad=300000, script=30000}, pageLoadStrategy=normal, moz:headless=false, platform=XP, moz:accessibilityChecks=false, moz:useNonSpecCompliantPointerOrigin=false, acceptInsecureCerts=true, browserVersion=62.0.2, platformVersion=10.0, moz:processID=2136, browserName=firefox, javascriptEnabled=true, platformName=XP, moz:webdriverClick=true}]
Session ID: 965fb88b-e231-461c-a533-4b25bc43022d
*** Element info: {Using=xpath, value=//div[@id='qwidget_lastsale'][@class='qwidget-dollar']}
	at sun.reflect.GeneratedConstructorAccessor14.newInstance(Unknown Source)
	at sun.reflect.DelegatingConstructorAccessorImpl.newInstance(Unknown Source)
	at java.lang.reflect.Constructor.newInstance(Unknown Source)
	at org.openqa.selenium.remote.http.W3CHttpResponseCodec.createException(W3CHttpResponseCodec.java:185)
	at org.openqa.selenium.remote.http.W3CHttpResponseCodec.decode(W3CHttpResponseCodec.java:120)
	at org.openqa.selenium.remote.http.W3CHttpResponseCodec.decode(W3CHttpResponseCodec.java:49)
	at org.openqa.selenium.remote.HttpCommandExecutor.execute(HttpCommandExecutor.java:164)
	at org.openqa.selenium.remote.service.DriverCommandExecutor.execute(DriverCommandExecutor.java:83)
	at org.openqa.selenium.remote.RemoteWebDriver.execute(RemoteWebDriver.java:586)
	at org.openqa.selenium.remote.RemoteWebDriver.findElement(RemoteWebDriver.java:356)
	at org.openqa.selenium.remote.RemoteWebDriver.findElementByXPath(RemoteWebDriver.java:458)
	at org.openqa.selenium.By$ByXPath.findElement(By.java:361)
	at org.openqa.selenium.remote.RemoteWebDriver.findElement(RemoteWebDriver.java:348)
	at Nasdaq.TestSet_Nasdaq.TC_114_TBD(TestSet_Nasdaq.java:637)
	at sun.reflect.NativeMethodAccessorImpl.invoke0(Native Method)
	at sun.reflect.NativeMethodAccessorImpl.invoke(Unknown Source)
	at sun.reflect.DelegatingMethodAccessorImpl.invoke(Unknown Source)
	at java.lang.reflect.Method.invoke(Unknown Source)
	at org.testng.internal.MethodInvocationHelper.invokeMethod(MethodInvocationHelper.java:108)
	at org.testng.internal.Invoker.invokeMethod(Invoker.java:661)
	at org.testng.internal.Invoker.invokeTestMethod(Invoker.java:869)
	at org.testng.internal.Invoker.invokeTestMethods(Invoker.java:1193)
	at org.testng.internal.TestMethodWorker.invokeTestMethods(TestMethodWorker.java:126)
	at org.testng.internal.TestMethodWorker.run(TestMethodWorker.java:109)
	at org.testng.TestRunner.privateRun(TestRunner.java:744)
	at org.testng.TestRunner.run(TestRunner.java:602)
	at org.testng.SuiteRunner.runTest(SuiteRunner.java:380)
	at org.testng.SuiteRunner.runSequentially(SuiteRunner.java:375)
	at org.testng.SuiteRunner.privateRun(SuiteRunner.java:340)
	at org.testng.SuiteRunner.run(SuiteRunner.java:289)
	at org.testng.SuiteRunnerWorker.runSuite(SuiteRunnerWorker.java:52)
	at org.testng.SuiteRunnerWorker.run(SuiteRunnerWorker.java:86)
	at org.testng.TestNG.runSuitesSequentially(TestNG.java:1301)
	at org.testng.TestNG.runSuitesLocally(TestNG.java:1226)
	at org.testng.TestNG.runSuites(TestNG.java:1144)
	at org.testng.TestNG.run(TestNG.java:1115)
	at org.testng.remote.AbstractRemoteTestNG.run(AbstractRemoteTestNG.java:126)
	at org.testng.remote.RemoteTestNG.initAndRun(RemoteTestNG.java:137)
	at org.testng.remote.RemoteTestNG.main(RemoteTestNG.java:58)
]]>
    </error>
  </testcase> <!-- TC_114_TBD -->
  <testcase name="TC_107_VerifyColor" classname="Nasdaq.TestSet_Nasdaq">
    <skipped/>
  </testcase> <!-- TC_107_VerifyColor -->
  <testcase name="TC_113_TBD" classname="Nasdaq.TestSet_Nasdaq">
    <skipped/>
  </testcase> <!-- TC_113_TBD -->
  <testcase name="TC_108_TBD" classname="Nasdaq.TestSet_Nasdaq">
    <skipped/>
  </testcase> <!-- TC_108_TBD -->
  <testcase name="TC_105_VerifyEPS" classname="Nasdaq.TestSet_Nasdaq">
    <skipped/>
  </testcase> <!-- TC_105_VerifyEPS -->
  <testcase name="TC_106_EPS_All_Pages" classname="Nasdaq.TestSet_Nasdaq">
    <skipped/>
  </testcase> <!-- TC_106_EPS_All_Pages -->
  <testcase name="TC_104_NA" classname="Nasdaq.TestSet_Nasdaq">
    <skipped/>
  </testcase> <!-- TC_104_NA -->
  <testcase name="TC_110_MarketDataColor" classname="Nasdaq.TestSet_Nasdaq">
    <skipped/>
  </testcase> <!-- TC_110_MarketDataColor -->
  <testcase name="TC_102_WebTableCount" classname="Nasdaq.TestSet_Nasdaq">
    <skipped/>
  </testcase> <!-- TC_102_WebTableCount -->
  <testcase name="TC_111_TBD" classname="Nasdaq.TestSet_Nasdaq">
    <skipped/>
  </testcase> <!-- TC_111_TBD -->
  <testcase name="TC_109_TBD" classname="Nasdaq.TestSet_Nasdaq">
    <skipped/>
  </testcase> <!-- TC_109_TBD -->
  <testcase name="TC_101_StockSearch" classname="Nasdaq.TestSet_Nasdaq">
    <skipped/>
  </testcase> <!-- TC_101_StockSearch -->
  <testcase name="TC_112_ValidateBoldTexts" classname="Nasdaq.TestSet_Nasdaq">
    <skipped/>
  </testcase> <!-- TC_112_ValidateBoldTexts -->
  <testcase name="TC_103_HashMap" classname="Nasdaq.TestSet_Nasdaq">
    <skipped/>
  </testcase> <!-- TC_103_HashMap -->
</testsuite> <!-- Nasdaq.TestSet_Nasdaq -->
